[2023-04-20T11:46:21.778+0000] {manager.py:483} INFO - Processing files using up to 1 processes at a time 
[2023-04-20T11:46:21.779+0000] {manager.py:484} INFO - Process each file at most once every 30 seconds
[2023-04-20T11:46:21.780+0000] {manager.py:485} INFO - Checking for new files in /docker_env/dags every 300 seconds
[2023-04-20T11:46:21.782+0000] {manager.py:726} INFO - Searching for files in /docker_env/dags
[2023-04-20T11:46:21.785+0000] {manager.py:729} INFO - There are 0 files in /docker_env/dags
[2023-04-20T12:25:52.479+0000] {manager.py:483} INFO - Processing files using up to 1 processes at a time 
[2023-04-20T12:25:52.480+0000] {manager.py:484} INFO - Process each file at most once every 30 seconds
[2023-04-20T12:25:52.481+0000] {manager.py:485} INFO - Checking for new files in /docker_env/dags every 300 seconds
[2023-04-20T12:25:52.482+0000] {manager.py:726} INFO - Searching for files in /docker_env/dags
[2023-04-20T12:25:52.484+0000] {manager.py:729} INFO - There are 0 files in /docker_env/dags
[2023-04-20T12:30:52.532+0000] {manager.py:726} INFO - Searching for files in /docker_env/dags
[2023-04-20T12:30:52.545+0000] {manager.py:729} INFO - There are 0 files in /docker_env/dags
[2023-04-20T12:35:52.658+0000] {manager.py:726} INFO - Searching for files in /docker_env/dags
[2023-04-20T12:35:52.667+0000] {manager.py:729} INFO - There are 0 files in /docker_env/dags
[2023-04-20T12:56:22.034+0000] {manager.py:726} INFO - Searching for files in /docker_env/dags
[2023-04-20T12:56:22.042+0000] {manager.py:729} INFO - There are 0 files in /docker_env/dags
[2023-04-20T13:01:22.553+0000] {manager.py:726} INFO - Searching for files in /docker_env/dags
[2023-04-20T13:01:22.561+0000] {manager.py:729} INFO - There are 0 files in /docker_env/dags
[2023-04-20T13:06:22.669+0000] {manager.py:726} INFO - Searching for files in /docker_env/dags
[2023-04-20T13:06:22.683+0000] {manager.py:729} INFO - There are 0 files in /docker_env/dags
[2023-04-20T13:11:23.415+0000] {manager.py:726} INFO - Searching for files in /docker_env/dags
[2023-04-20T13:11:23.429+0000] {manager.py:729} INFO - There are 0 files in /docker_env/dags
[2023-04-20T13:16:24.136+0000] {manager.py:726} INFO - Searching for files in /docker_env/dags
[2023-04-20T13:16:24.152+0000] {manager.py:729} INFO - There are 0 files in /docker_env/dags
[2023-04-20T13:21:24.698+0000] {manager.py:726} INFO - Searching for files in /docker_env/dags
[2023-04-20T13:21:24.712+0000] {manager.py:729} INFO - There are 0 files in /docker_env/dags
[2023-04-20T13:26:25.438+0000] {manager.py:726} INFO - Searching for files in /docker_env/dags
[2023-04-20T13:26:25.452+0000] {manager.py:729} INFO - There are 0 files in /docker_env/dags
[2023-04-20T13:31:26.135+0000] {manager.py:726} INFO - Searching for files in /docker_env/dags
[2023-04-20T13:31:26.143+0000] {manager.py:729} INFO - There are 1 files in /docker_env/dags
[2023-04-20T13:31:38.766+0000] {manager.py:854} INFO - 
================================================================================
DAG File Processing Stats

File Path                 PID    Runtime      # DAGs    # Errors  Last Runtime    Last Run
------------------------  -----  ---------  --------  ----------  --------------  -------------------
/docker_env/dags/dags.py                           0           1  0.21s           2023-04-20T13:31:26
================================================================================
[2023-04-20T13:32:08.885+0000] {manager.py:854} INFO - 
================================================================================
DAG File Processing Stats

File Path                 PID    Runtime      # DAGs    # Errors  Last Runtime    Last Run
------------------------  -----  ---------  --------  ----------  --------------  -------------------
/docker_env/dags/dags.py                           0           1  0.12s           2023-04-20T13:31:56
================================================================================
[2023-04-20T13:32:39.009+0000] {manager.py:854} INFO - 
================================================================================
DAG File Processing Stats

File Path                 PID    Runtime      # DAGs    # Errors  Last Runtime    Last Run
------------------------  -----  ---------  --------  ----------  --------------  -------------------
/docker_env/dags/dags.py                           0           1  0.12s           2023-04-20T13:32:27
================================================================================
[2023-04-20T13:33:09.069+0000] {manager.py:854} INFO - 
================================================================================
DAG File Processing Stats

File Path                 PID    Runtime      # DAGs    # Errors  Last Runtime    Last Run
------------------------  -----  ---------  --------  ----------  --------------  -------------------
/docker_env/dags/dags.py                           0           1  0.11s           2023-04-20T13:32:57
================================================================================
[2023-04-20T13:33:39.263+0000] {manager.py:854} INFO - 
================================================================================
DAG File Processing Stats

File Path                 PID    Runtime      # DAGs    # Errors  Last Runtime    Last Run
------------------------  -----  ---------  --------  ----------  --------------  -------------------
/docker_env/dags/dags.py                           0           1  0.11s           2023-04-20T13:33:16
================================================================================
[2023-04-20T13:34:09.373+0000] {manager.py:854} INFO - 
================================================================================
DAG File Processing Stats

File Path                 PID    Runtime      # DAGs    # Errors  Last Runtime    Last Run
------------------------  -----  ---------  --------  ----------  --------------  -------------------
/docker_env/dags/dags.py                           0           1  0.11s           2023-04-20T13:33:46
================================================================================
[2023-04-20T13:34:39.526+0000] {manager.py:854} INFO - 
================================================================================
DAG File Processing Stats

File Path                 PID    Runtime      # DAGs    # Errors  Last Runtime    Last Run
------------------------  -----  ---------  --------  ----------  --------------  -------------------
/docker_env/dags/dags.py                           0           1  0.12s           2023-04-20T13:34:17
================================================================================
[2023-04-20T13:35:09.535+0000] {manager.py:854} INFO - 
================================================================================
DAG File Processing Stats

File Path                 PID    Runtime      # DAGs    # Errors  Last Runtime    Last Run
------------------------  -----  ---------  --------  ----------  --------------  -------------------
/docker_env/dags/dags.py                           0           1  0.12s           2023-04-20T13:34:47
================================================================================
[2023-04-20T13:35:39.709+0000] {manager.py:854} INFO - 
================================================================================
DAG File Processing Stats

File Path                 PID    Runtime      # DAGs    # Errors  Last Runtime    Last Run
------------------------  -----  ---------  --------  ----------  --------------  -------------------
/docker_env/dags/dags.py                           0           1  0.11s           2023-04-20T13:35:17
================================================================================
[2023-04-20T13:36:09.845+0000] {manager.py:854} INFO - 
================================================================================
DAG File Processing Stats

File Path                 PID    Runtime      # DAGs    # Errors  Last Runtime    Last Run
------------------------  -----  ---------  --------  ----------  --------------  -------------------
/docker_env/dags/dags.py                           0           1  0.11s           2023-04-20T13:35:56
================================================================================
[2023-04-20T13:36:26.961+0000] {manager.py:726} INFO - Searching for files in /docker_env/dags
[2023-04-20T13:36:26.970+0000] {manager.py:729} INFO - There are 1 files in /docker_env/dags
[2023-04-20T13:36:39.924+0000] {manager.py:854} INFO - 
================================================================================
DAG File Processing Stats

File Path                 PID    Runtime      # DAGs    # Errors  Last Runtime    Last Run
------------------------  -----  ---------  --------  ----------  --------------  -------------------
/docker_env/dags/dags.py                           0           1  0.10s           2023-04-20T13:36:39
================================================================================
[2023-04-20T13:37:10.046+0000] {manager.py:854} INFO - 
================================================================================
DAG File Processing Stats

File Path                 PID    Runtime      # DAGs    # Errors  Last Runtime    Last Run
------------------------  -----  ---------  --------  ----------  --------------  -------------------
/docker_env/dags/dags.py                           0           1  0.10s           2023-04-20T13:37:09
================================================================================
[2023-04-20T13:37:40.191+0000] {manager.py:854} INFO - 
================================================================================
DAG File Processing Stats

File Path                 PID    Runtime      # DAGs    # Errors  Last Runtime    Last Run
------------------------  -----  ---------  --------  ----------  --------------  -------------------
/docker_env/dags/dags.py                           0           1  0.11s           2023-04-20T13:37:39
================================================================================
[2023-04-20T13:38:10.415+0000] {manager.py:854} INFO - 
================================================================================
DAG File Processing Stats

File Path                 PID    Runtime      # DAGs    # Errors  Last Runtime    Last Run
------------------------  -----  ---------  --------  ----------  --------------  -------------------
/docker_env/dags/dags.py                           0           1  0.11s           2023-04-20T13:38:10
================================================================================
[2023-04-20T13:38:40.553+0000] {manager.py:854} INFO - 
================================================================================
DAG File Processing Stats

File Path                 PID    Runtime      # DAGs    # Errors  Last Runtime    Last Run
------------------------  -----  ---------  --------  ----------  --------------  -------------------
/docker_env/dags/dags.py                           0           1  0.11s           2023-04-20T13:38:34
================================================================================
[2023-04-20T13:39:10.714+0000] {manager.py:854} INFO - 
================================================================================
DAG File Processing Stats

File Path                 PID    Runtime      # DAGs    # Errors  Last Runtime    Last Run
------------------------  -----  ---------  --------  ----------  --------------  -------------------
/docker_env/dags/dags.py                           0           1  0.11s           2023-04-20T13:39:05
================================================================================
[2023-04-20T13:39:40.831+0000] {manager.py:854} INFO - 
================================================================================
DAG File Processing Stats

File Path                 PID    Runtime      # DAGs    # Errors  Last Runtime    Last Run
------------------------  -----  ---------  --------  ----------  --------------  -------------------
/docker_env/dags/dags.py                           0           1  0.12s           2023-04-20T13:39:36
================================================================================
[2023-04-20T13:40:10.953+0000] {manager.py:854} INFO - 
================================================================================
DAG File Processing Stats

File Path                 PID    Runtime      # DAGs    # Errors  Last Runtime    Last Run
------------------------  -----  ---------  --------  ----------  --------------  -------------------
/docker_env/dags/dags.py                           0           1  12.76s          2023-04-20T13:40:10
================================================================================
[2023-04-20T13:40:49.959+0000] {manager.py:854} INFO - 
================================================================================
DAG File Processing Stats

File Path                 PID    Runtime      # DAGs    # Errors  Last Runtime    Last Run
------------------------  -----  ---------  --------  ----------  --------------  -------------------
/docker_env/dags/dags.py                           0           1  9.37s           2023-04-20T13:40:49
================================================================================
[2023-04-20T13:41:31.337+0000] {manager.py:854} INFO - 
================================================================================
DAG File Processing Stats

File Path                 PID    Runtime      # DAGs    # Errors  Last Runtime    Last Run
------------------------  -----  ---------  --------  ----------  --------------  -------------------
/docker_env/dags/dags.py                           0           1  11.19s          2023-04-20T13:41:31
================================================================================
[2023-04-20T13:41:32.500+0000] {manager.py:726} INFO - Searching for files in /docker_env/dags
[2023-04-20T13:41:32.506+0000] {manager.py:729} INFO - There are 1 files in /docker_env/dags
[2023-04-20T13:42:01.552+0000] {manager.py:854} INFO - 
================================================================================
DAG File Processing Stats

File Path                 PID    Runtime      # DAGs    # Errors  Last Runtime    Last Run
------------------------  -----  ---------  --------  ----------  --------------  -------------------
/docker_env/dags/dags.py                           0           1  10.28s          2023-04-20T13:41:45
================================================================================
[2023-04-20T13:42:32.640+0000] {manager.py:854} INFO - 
================================================================================
DAG File Processing Stats

File Path                 PID    Runtime      # DAGs    # Errors  Last Runtime    Last Run
------------------------  -----  ---------  --------  ----------  --------------  -------------------
/docker_env/dags/dags.py                           0           1  10.17s          2023-04-20T13:42:26
================================================================================
[2023-04-20T13:43:06.600+0000] {manager.py:854} INFO - 
================================================================================
DAG File Processing Stats

File Path                 PID    Runtime      # DAGs    # Errors  Last Runtime    Last Run
------------------------  -----  ---------  --------  ----------  --------------  -------------------
/docker_env/dags/dags.py                           0           1  9.97s           2023-04-20T13:43:06
================================================================================
[2023-04-20T13:43:47.228+0000] {manager.py:854} INFO - 
================================================================================
DAG File Processing Stats

File Path                 PID    Runtime      # DAGs    # Errors  Last Runtime    Last Run
------------------------  -----  ---------  --------  ----------  --------------  -------------------
/docker_env/dags/dags.py                           0           1  10.43s          2023-04-20T13:43:47
================================================================================
[2023-04-20T13:44:27.688+0000] {manager.py:854} INFO - 
================================================================================
DAG File Processing Stats

File Path                 PID    Runtime      # DAGs    # Errors  Last Runtime    Last Run
------------------------  -----  ---------  --------  ----------  --------------  -------------------
/docker_env/dags/dags.py                           0           1  10.23s          2023-04-20T13:44:27
================================================================================
[2023-04-20T13:45:07.755+0000] {manager.py:854} INFO - 
================================================================================
DAG File Processing Stats

File Path                 PID    Runtime      # DAGs    # Errors  Last Runtime    Last Run
------------------------  -----  ---------  --------  ----------  --------------  -------------------
/docker_env/dags/dags.py                           0           1  9.88s           2023-04-20T13:45:07
================================================================================
[2023-04-20T13:45:47.848+0000] {manager.py:854} INFO - 
================================================================================
DAG File Processing Stats

File Path                 PID    Runtime      # DAGs    # Errors  Last Runtime    Last Run
------------------------  -----  ---------  --------  ----------  --------------  -------------------
/docker_env/dags/dags.py                           0           1  9.89s           2023-04-20T13:45:47
================================================================================
[2023-04-20T13:46:28.615+0000] {manager.py:854} INFO - 
================================================================================
DAG File Processing Stats

File Path                 PID    Runtime      # DAGs    # Errors  Last Runtime    Last Run
------------------------  -----  ---------  --------  ----------  --------------  -------------------
/docker_env/dags/dags.py                           0           1  10.57s          2023-04-20T13:46:28
================================================================================
[2023-04-20T13:46:33.103+0000] {manager.py:726} INFO - Searching for files in /docker_env/dags
[2023-04-20T13:46:33.118+0000] {manager.py:729} INFO - There are 1 files in /docker_env/dags
[2023-04-20T13:47:08.547+0000] {manager.py:854} INFO - 
================================================================================
DAG File Processing Stats

File Path                 PID    Runtime      # DAGs    # Errors  Last Runtime    Last Run
------------------------  -----  ---------  --------  ----------  --------------  -------------------
/docker_env/dags/dags.py                           0           1  9.74s           2023-04-20T13:47:08
================================================================================
[2023-04-20T13:47:38.680+0000] {manager.py:854} INFO - 
================================================================================
DAG File Processing Stats

File Path                 PID    Runtime      # DAGs    # Errors  Last Runtime    Last Run
------------------------  -----  ---------  --------  ----------  --------------  -------------------
/docker_env/dags/dags.py                           1           0  10.87s          2023-04-20T13:47:36
================================================================================
[2023-04-20T13:48:18.685+0000] {manager.py:854} INFO - 
================================================================================
DAG File Processing Stats

File Path                 PID    Runtime      # DAGs    # Errors  Last Runtime    Last Run
------------------------  -----  ---------  --------  ----------  --------------  -------------------
/docker_env/dags/dags.py                           1           0  11.47s          2023-04-20T13:48:18
================================================================================
[2023-04-20T13:48:59.930+0000] {manager.py:854} INFO - 
================================================================================
DAG File Processing Stats

File Path                 PID    Runtime      # DAGs    # Errors  Last Runtime    Last Run
------------------------  -----  ---------  --------  ----------  --------------  -------------------
/docker_env/dags/dags.py                           1           0  11.09s          2023-04-20T13:48:59
================================================================================
[2023-04-20T13:49:41.863+0000] {manager.py:854} INFO - 
================================================================================
DAG File Processing Stats

File Path                 PID    Runtime      # DAGs    # Errors  Last Runtime    Last Run
------------------------  -----  ---------  --------  ----------  --------------  -------------------
/docker_env/dags/dags.py                           1           0  11.66s          2023-04-20T13:49:41
================================================================================
[2023-04-20T13:50:23.100+0000] {manager.py:854} INFO - 
================================================================================
DAG File Processing Stats

File Path                 PID    Runtime      # DAGs    # Errors  Last Runtime    Last Run
------------------------  -----  ---------  --------  ----------  --------------  -------------------
/docker_env/dags/dags.py                           1           0  11.05s          2023-04-20T13:50:23
================================================================================
[2023-04-20T13:51:14.575+0000] {manager.py:854} INFO - 
================================================================================
DAG File Processing Stats

File Path                 PID    Runtime      # DAGs    # Errors  Last Runtime    Last Run
------------------------  -----  ---------  --------  ----------  --------------  -------------------
/docker_env/dags/dags.py                           1           0  11.05s          2023-04-20T13:51:14
================================================================================
[2023-04-20T13:51:33.210+0000] {manager.py:726} INFO - Searching for files in /docker_env/dags
[2023-04-20T13:51:33.217+0000] {manager.py:729} INFO - There are 1 files in /docker_env/dags
[2023-04-20T13:51:55.282+0000] {manager.py:854} INFO - 
================================================================================
DAG File Processing Stats

File Path                 PID    Runtime      # DAGs    # Errors  Last Runtime    Last Run
------------------------  -----  ---------  --------  ----------  --------------  -------------------
/docker_env/dags/dags.py                           1           0  10.38s          2023-04-20T13:51:55
================================================================================
[2023-04-20T13:52:36.897+0000] {manager.py:854} INFO - 
================================================================================
DAG File Processing Stats

File Path                 PID    Runtime      # DAGs    # Errors  Last Runtime    Last Run
------------------------  -----  ---------  --------  ----------  --------------  -------------------
/docker_env/dags/dags.py                           1           0  11.46s          2023-04-20T13:52:36
================================================================================
[2023-04-20T13:53:18.998+0000] {manager.py:854} INFO - 
================================================================================
DAG File Processing Stats

File Path                 PID    Runtime      # DAGs    # Errors  Last Runtime    Last Run
------------------------  -----  ---------  --------  ----------  --------------  -------------------
/docker_env/dags/dags.py                           1           0  11.88s          2023-04-20T13:53:18
================================================================================
[2023-04-20T13:53:59.656+0000] {manager.py:854} INFO - 
================================================================================
DAG File Processing Stats

File Path                 PID    Runtime      # DAGs    # Errors  Last Runtime    Last Run
------------------------  -----  ---------  --------  ----------  --------------  -------------------
/docker_env/dags/dags.py                           1           0  10.46s          2023-04-20T13:53:59
================================================================================
[2023-04-20T13:54:40.294+0000] {manager.py:854} INFO - 
================================================================================
DAG File Processing Stats

File Path                 PID    Runtime      # DAGs    # Errors  Last Runtime    Last Run
------------------------  -----  ---------  --------  ----------  --------------  -------------------
/docker_env/dags/dags.py                           1           0  10.46s          2023-04-20T13:54:40
================================================================================
[2023-04-20T13:55:21.379+0000] {manager.py:854} INFO - 
================================================================================
DAG File Processing Stats

File Path                 PID    Runtime      # DAGs    # Errors  Last Runtime    Last Run
------------------------  -----  ---------  --------  ----------  --------------  -------------------
/docker_env/dags/dags.py                           1           0  10.88s          2023-04-20T13:55:21
================================================================================
[2023-04-20T13:56:02.658+0000] {manager.py:854} INFO - 
================================================================================
DAG File Processing Stats

File Path                 PID    Runtime      # DAGs    # Errors  Last Runtime    Last Run
------------------------  -----  ---------  --------  ----------  --------------  -------------------
/docker_env/dags/dags.py                           1           0  11.07s          2023-04-20T13:56:02
================================================================================
[2023-04-20T13:56:40.305+0000] {manager.py:854} INFO - 
================================================================================
DAG File Processing Stats

File Path                 PID    Runtime      # DAGs    # Errors  Last Runtime    Last Run
------------------------  -----  ---------  --------  ----------  --------------  -------------------
/docker_env/dags/dags.py                           1           0  11.07s          2023-04-20T13:56:40
================================================================================
[2023-04-20T13:56:41.414+0000] {manager.py:726} INFO - Searching for files in /docker_env/dags
[2023-04-20T13:56:41.422+0000] {manager.py:729} INFO - There are 1 files in /docker_env/dags
[2023-04-20T13:57:10.474+0000] {manager.py:854} INFO - 
================================================================================
DAG File Processing Stats

File Path                 PID    Runtime      # DAGs    # Errors  Last Runtime    Last Run
------------------------  -----  ---------  --------  ----------  --------------  -------------------
/docker_env/dags/dags.py                           1           0  2.93s           2023-04-20T13:56:44
================================================================================
[2023-04-20T13:57:40.587+0000] {manager.py:854} INFO - 
================================================================================
DAG File Processing Stats

File Path                 PID    Runtime      # DAGs    # Errors  Last Runtime    Last Run
------------------------  -----  ---------  --------  ----------  --------------  -------------------
/docker_env/dags/dags.py                           1           0  2.82s           2023-04-20T13:57:17
================================================================================
[2023-04-20T13:58:19.051+0000] {manager.py:854} INFO - 
================================================================================
DAG File Processing Stats

File Path                 PID    Runtime      # DAGs    # Errors  Last Runtime    Last Run
------------------------  -----  ---------  --------  ----------  --------------  -------------------
/docker_env/dags/dags.py                           1           0  2.12s           2023-04-20T13:57:50
================================================================================
[2023-04-20T13:58:49.096+0000] {manager.py:854} INFO - 
================================================================================
DAG File Processing Stats

File Path                 PID    Runtime      # DAGs    # Errors  Last Runtime    Last Run
------------------------  -----  ---------  --------  ----------  --------------  -------------------
/docker_env/dags/dags.py                           1           0  2.62s           2023-04-20T13:58:23
================================================================================
[2023-04-20T13:59:19.987+0000] {manager.py:854} INFO - 
================================================================================
DAG File Processing Stats

File Path                 PID    Runtime      # DAGs    # Errors  Last Runtime    Last Run
------------------------  -----  ---------  --------  ----------  --------------  -------------------
/docker_env/dags/dags.py                           1           0  2.94s           2023-04-20T13:58:57
================================================================================
[2023-04-20T13:59:49.998+0000] {manager.py:854} INFO - 
================================================================================
DAG File Processing Stats

File Path                 PID    Runtime      # DAGs    # Errors  Last Runtime    Last Run
------------------------  -----  ---------  --------  ----------  --------------  -------------------
/docker_env/dags/dags.py                           1           0  2.52s           2023-04-20T13:59:30
================================================================================
[2023-04-20T14:00:20.118+0000] {manager.py:854} INFO - 
================================================================================
DAG File Processing Stats

File Path                 PID    Runtime      # DAGs    # Errors  Last Runtime    Last Run
------------------------  -----  ---------  --------  ----------  --------------  -------------------
/docker_env/dags/dags.py                           1           0  2.13s           2023-04-20T14:00:03
================================================================================
[2023-04-20T14:00:50.354+0000] {manager.py:854} INFO - 
================================================================================
DAG File Processing Stats

File Path                 PID    Runtime      # DAGs    # Errors  Last Runtime    Last Run
------------------------  -----  ---------  --------  ----------  --------------  -------------------
/docker_env/dags/dags.py                           1           0  2.62s           2023-04-20T14:00:35
================================================================================
[2023-04-20T14:01:20.499+0000] {manager.py:854} INFO - 
================================================================================
DAG File Processing Stats

File Path                 PID    Runtime      # DAGs    # Errors  Last Runtime    Last Run
------------------------  -----  ---------  --------  ----------  --------------  -------------------
/docker_env/dags/dags.py                           1           0  2.12s           2023-04-20T14:01:08
================================================================================
[2023-04-20T14:01:41.984+0000] {manager.py:726} INFO - Searching for files in /docker_env/dags
[2023-04-20T14:01:41.990+0000] {manager.py:729} INFO - There are 1 files in /docker_env/dags
[2023-04-20T14:01:50.996+0000] {manager.py:854} INFO - 
================================================================================
DAG File Processing Stats

File Path                 PID    Runtime      # DAGs    # Errors  Last Runtime    Last Run
------------------------  -----  ---------  --------  ----------  --------------  -------------------
/docker_env/dags/dags.py                           1           0  2.53s           2023-04-20T14:01:40
================================================================================
[2023-04-20T14:02:21.565+0000] {manager.py:854} INFO - 
================================================================================
DAG File Processing Stats

File Path                 PID    Runtime      # DAGs    # Errors  Last Runtime    Last Run
------------------------  -----  ---------  --------  ----------  --------------  -------------------
/docker_env/dags/dags.py                           1           0  2.23s           2023-04-20T14:02:13
================================================================================
[2023-04-20T14:02:51.862+0000] {manager.py:854} INFO - 
================================================================================
DAG File Processing Stats

File Path                 PID    Runtime      # DAGs    # Errors  Last Runtime    Last Run
------------------------  -----  ---------  --------  ----------  --------------  -------------------
/docker_env/dags/dags.py                           1           0  2.24s           2023-04-20T14:02:45
================================================================================
[2023-04-20T14:03:22.302+0000] {manager.py:854} INFO - 
================================================================================
DAG File Processing Stats

File Path                 PID    Runtime      # DAGs    # Errors  Last Runtime    Last Run
------------------------  -----  ---------  --------  ----------  --------------  -------------------
/docker_env/dags/dags.py                           1           0  2.22s           2023-04-20T14:03:18
================================================================================
[2023-04-20T14:03:52.574+0000] {manager.py:854} INFO - 
================================================================================
DAG File Processing Stats

File Path                 PID    Runtime      # DAGs    # Errors  Last Runtime    Last Run
------------------------  -----  ---------  --------  ----------  --------------  -------------------
/docker_env/dags/dags.py                           1           0  2.22s           2023-04-20T14:03:50
================================================================================
[2023-04-20T14:04:22.952+0000] {manager.py:854} INFO - 
================================================================================
DAG File Processing Stats

File Path                 PID    Runtime      # DAGs    # Errors  Last Runtime    Last Run
------------------------  -----  ---------  --------  ----------  --------------  -------------------
/docker_env/dags/dags.py                           1           0  2.33s           2023-04-20T14:04:22
================================================================================
[2023-04-20T14:04:55.339+0000] {manager.py:854} INFO - 
================================================================================
DAG File Processing Stats

File Path                 PID    Runtime      # DAGs    # Errors  Last Runtime    Last Run
------------------------  -----  ---------  --------  ----------  --------------  -------------------
/docker_env/dags/dags.py                           1           0  2.24s           2023-04-20T14:04:55
================================================================================
[2023-04-20T14:05:27.533+0000] {manager.py:854} INFO - 
================================================================================
DAG File Processing Stats

File Path                 PID    Runtime      # DAGs    # Errors  Last Runtime    Last Run
------------------------  -----  ---------  --------  ----------  --------------  -------------------
/docker_env/dags/dags.py                           1           0  2.02s           2023-04-20T14:05:27
================================================================================
[2023-04-20T14:06:00.022+0000] {manager.py:854} INFO - 
================================================================================
DAG File Processing Stats

File Path                 PID    Runtime      # DAGs    # Errors  Last Runtime    Last Run
------------------------  -----  ---------  --------  ----------  --------------  -------------------
/docker_env/dags/dags.py                           1           0  2.33s           2023-04-20T14:06:00
================================================================================
[2023-04-20T14:06:32.359+0000] {manager.py:854} INFO - 
================================================================================
DAG File Processing Stats

File Path                 PID    Runtime      # DAGs    # Errors  Last Runtime    Last Run
------------------------  -----  ---------  --------  ----------  --------------  -------------------
/docker_env/dags/dags.py                           1           0  2.14s           2023-04-20T14:06:32
================================================================================
[2023-04-20T14:06:42.452+0000] {manager.py:726} INFO - Searching for files in /docker_env/dags
[2023-04-20T14:06:42.470+0000] {manager.py:729} INFO - There are 1 files in /docker_env/dags
[2023-04-20T14:07:04.734+0000] {manager.py:854} INFO - 
================================================================================
DAG File Processing Stats

File Path                 PID    Runtime      # DAGs    # Errors  Last Runtime    Last Run
------------------------  -----  ---------  --------  ----------  --------------  -------------------
/docker_env/dags/dags.py                           1           0  2.21s           2023-04-20T14:07:04
================================================================================
[2023-04-20T14:07:37.031+0000] {manager.py:854} INFO - 
================================================================================
DAG File Processing Stats

File Path                 PID    Runtime      # DAGs    # Errors  Last Runtime    Last Run
------------------------  -----  ---------  --------  ----------  --------------  -------------------
/docker_env/dags/dags.py                           1           0  2.14s           2023-04-20T14:07:37
================================================================================
[2023-04-20T14:08:09.436+0000] {manager.py:854} INFO - 
================================================================================
DAG File Processing Stats

File Path                 PID    Runtime      # DAGs    # Errors  Last Runtime    Last Run
------------------------  -----  ---------  --------  ----------  --------------  -------------------
/docker_env/dags/dags.py                           1           0  2.22s           2023-04-20T14:08:09
================================================================================
[2023-04-20T14:08:41.800+0000] {manager.py:854} INFO - 
================================================================================
DAG File Processing Stats

File Path                 PID    Runtime      # DAGs    # Errors  Last Runtime    Last Run
------------------------  -----  ---------  --------  ----------  --------------  -------------------
/docker_env/dags/dags.py                           1           0  2.24s           2023-04-20T14:08:41
================================================================================
[2023-04-20T14:09:14.172+0000] {manager.py:854} INFO - 
================================================================================
DAG File Processing Stats

File Path                 PID    Runtime      # DAGs    # Errors  Last Runtime    Last Run
------------------------  -----  ---------  --------  ----------  --------------  -------------------
/docker_env/dags/dags.py                           1           0  2.23s           2023-04-20T14:09:14
================================================================================
[2023-04-20T14:09:46.587+0000] {manager.py:854} INFO - 
================================================================================
DAG File Processing Stats

File Path                 PID    Runtime      # DAGs    # Errors  Last Runtime    Last Run
------------------------  -----  ---------  --------  ----------  --------------  -------------------
/docker_env/dags/dags.py                           1           0  2.23s           2023-04-20T14:09:46
================================================================================
[2023-04-20T14:10:18.997+0000] {manager.py:854} INFO - 
================================================================================
DAG File Processing Stats

File Path                 PID    Runtime      # DAGs    # Errors  Last Runtime    Last Run
------------------------  -----  ---------  --------  ----------  --------------  -------------------
/docker_env/dags/dags.py                           1           0  2.22s           2023-04-20T14:10:18
================================================================================
[2023-04-20T14:10:51.413+0000] {manager.py:854} INFO - 
================================================================================
DAG File Processing Stats

File Path                 PID    Runtime      # DAGs    # Errors  Last Runtime    Last Run
------------------------  -----  ---------  --------  ----------  --------------  -------------------
/docker_env/dags/dags.py                           1           0  2.24s           2023-04-20T14:10:51
================================================================================
[2023-04-20T14:11:23.616+0000] {manager.py:854} INFO - 
================================================================================
DAG File Processing Stats

File Path                 PID    Runtime      # DAGs    # Errors  Last Runtime    Last Run
------------------------  -----  ---------  --------  ----------  --------------  -------------------
/docker_env/dags/dags.py                           1           0  2.02s           2023-04-20T14:11:23
================================================================================
[2023-04-20T14:11:43.237+0000] {manager.py:726} INFO - Searching for files in /docker_env/dags
[2023-04-20T14:11:43.250+0000] {manager.py:729} INFO - There are 1 files in /docker_env/dags
[2023-04-20T14:11:56.220+0000] {manager.py:854} INFO - 
================================================================================
DAG File Processing Stats

File Path                 PID    Runtime      # DAGs    # Errors  Last Runtime    Last Run
------------------------  -----  ---------  --------  ----------  --------------  -------------------
/docker_env/dags/dags.py                           1           0  2.42s           2023-04-20T14:11:56
================================================================================
[2023-04-20T14:12:28.651+0000] {manager.py:854} INFO - 
================================================================================
DAG File Processing Stats

File Path                 PID    Runtime      # DAGs    # Errors  Last Runtime    Last Run
------------------------  -----  ---------  --------  ----------  --------------  -------------------
/docker_env/dags/dags.py                           1           0  2.22s           2023-04-20T14:12:28
================================================================================
[2023-04-20T14:13:01.029+0000] {manager.py:854} INFO - 
================================================================================
DAG File Processing Stats

File Path                 PID    Runtime      # DAGs    # Errors  Last Runtime    Last Run
------------------------  -----  ---------  --------  ----------  --------------  -------------------
/docker_env/dags/dags.py                           1           0  2.23s           2023-04-20T14:13:01
================================================================================
[2023-04-20T14:13:33.423+0000] {manager.py:854} INFO - 
================================================================================
DAG File Processing Stats

File Path                 PID    Runtime      # DAGs    # Errors  Last Runtime    Last Run
------------------------  -----  ---------  --------  ----------  --------------  -------------------
/docker_env/dags/dags.py                           1           0  2.22s           2023-04-20T14:13:33
================================================================================
[2023-04-20T14:14:05.829+0000] {manager.py:854} INFO - 
================================================================================
DAG File Processing Stats

File Path                 PID    Runtime      # DAGs    # Errors  Last Runtime    Last Run
------------------------  -----  ---------  --------  ----------  --------------  -------------------
/docker_env/dags/dags.py                           1           0  2.23s           2023-04-20T14:14:05
================================================================================
[2023-04-20T14:14:38.237+0000] {manager.py:854} INFO - 
================================================================================
DAG File Processing Stats

File Path                 PID    Runtime      # DAGs    # Errors  Last Runtime    Last Run
------------------------  -----  ---------  --------  ----------  --------------  -------------------
/docker_env/dags/dags.py                           1           0  2.23s           2023-04-20T14:14:38
================================================================================
[2023-04-20T14:15:10.742+0000] {manager.py:854} INFO - 
================================================================================
DAG File Processing Stats

File Path                 PID    Runtime      # DAGs    # Errors  Last Runtime    Last Run
------------------------  -----  ---------  --------  ----------  --------------  -------------------
/docker_env/dags/dags.py                           1           0  2.32s           2023-04-20T14:15:10
================================================================================
[2023-04-20T14:15:43.348+0000] {manager.py:854} INFO - 
================================================================================
DAG File Processing Stats

File Path                 PID    Runtime      # DAGs    # Errors  Last Runtime    Last Run
------------------------  -----  ---------  --------  ----------  --------------  -------------------
/docker_env/dags/dags.py                           1           0  2.43s           2023-04-20T14:15:43
================================================================================
[2023-04-20T14:16:15.696+0000] {manager.py:854} INFO - 
================================================================================
DAG File Processing Stats

File Path                 PID    Runtime      # DAGs    # Errors  Last Runtime    Last Run
------------------------  -----  ---------  --------  ----------  --------------  -------------------
/docker_env/dags/dags.py                           1           0  2.21s           2023-04-20T14:16:15
================================================================================
[2023-04-20T14:16:43.319+0000] {manager.py:726} INFO - Searching for files in /docker_env/dags
[2023-04-20T14:16:43.333+0000] {manager.py:729} INFO - There are 1 files in /docker_env/dags
[2023-04-20T14:16:48.287+0000] {manager.py:854} INFO - 
================================================================================
DAG File Processing Stats

File Path                 PID    Runtime      # DAGs    # Errors  Last Runtime    Last Run
------------------------  -----  ---------  --------  ----------  --------------  -------------------
/docker_env/dags/dags.py                           1           0  2.43s           2023-04-20T14:16:48
================================================================================
[2023-04-20T14:17:20.910+0000] {manager.py:854} INFO - 
================================================================================
DAG File Processing Stats

File Path                 PID    Runtime      # DAGs    # Errors  Last Runtime    Last Run
------------------------  -----  ---------  --------  ----------  --------------  -------------------
/docker_env/dags/dags.py                           1           0  2.44s           2023-04-20T14:17:20
================================================================================
[2023-04-20T14:17:53.334+0000] {manager.py:854} INFO - 
================================================================================
DAG File Processing Stats

File Path                 PID    Runtime      # DAGs    # Errors  Last Runtime    Last Run
------------------------  -----  ---------  --------  ----------  --------------  -------------------
/docker_env/dags/dags.py                           1           0  2.23s           2023-04-20T14:17:53
================================================================================
[2023-04-20T14:18:25.836+0000] {manager.py:854} INFO - 
================================================================================
DAG File Processing Stats

File Path                 PID    Runtime      # DAGs    # Errors  Last Runtime    Last Run
------------------------  -----  ---------  --------  ----------  --------------  -------------------
/docker_env/dags/dags.py                           1           0  2.33s           2023-04-20T14:18:25
================================================================================
[2023-04-20T14:18:58.452+0000] {manager.py:854} INFO - 
================================================================================
DAG File Processing Stats

File Path                 PID    Runtime      # DAGs    # Errors  Last Runtime    Last Run
------------------------  -----  ---------  --------  ----------  --------------  -------------------
/docker_env/dags/dags.py                           1           0  2.45s           2023-04-20T14:18:58
================================================================================
[2023-04-20T14:19:31.075+0000] {manager.py:854} INFO - 
================================================================================
DAG File Processing Stats

File Path                 PID    Runtime      # DAGs    # Errors  Last Runtime    Last Run
------------------------  -----  ---------  --------  ----------  --------------  -------------------
/docker_env/dags/dags.py                           1           0  2.43s           2023-04-20T14:19:31
================================================================================
[2023-04-20T14:20:03.554+0000] {manager.py:854} INFO - 
================================================================================
DAG File Processing Stats

File Path                 PID    Runtime      # DAGs    # Errors  Last Runtime    Last Run
------------------------  -----  ---------  --------  ----------  --------------  -------------------
/docker_env/dags/dags.py                           1           0  2.33s           2023-04-20T14:20:03
================================================================================
[2023-04-20T14:20:35.951+0000] {manager.py:854} INFO - 
================================================================================
DAG File Processing Stats

File Path                 PID    Runtime      # DAGs    # Errors  Last Runtime    Last Run
------------------------  -----  ---------  --------  ----------  --------------  -------------------
/docker_env/dags/dags.py                           1           0  2.23s           2023-04-20T14:20:35
================================================================================
[2023-04-20T14:21:08.245+0000] {manager.py:854} INFO - 
================================================================================
DAG File Processing Stats

File Path                 PID    Runtime      # DAGs    # Errors  Last Runtime    Last Run
------------------------  -----  ---------  --------  ----------  --------------  -------------------
/docker_env/dags/dags.py                           1           0  2.12s           2023-04-20T14:21:08
================================================================================
[2023-04-20T14:21:40.857+0000] {manager.py:854} INFO - 
================================================================================
DAG File Processing Stats

File Path                 PID    Runtime      # DAGs    # Errors  Last Runtime    Last Run
------------------------  -----  ---------  --------  ----------  --------------  -------------------
/docker_env/dags/dags.py                           1           0  2.43s           2023-04-20T14:21:40
================================================================================
[2023-04-20T14:21:44.110+0000] {manager.py:726} INFO - Searching for files in /docker_env/dags
[2023-04-20T14:21:44.122+0000] {manager.py:729} INFO - There are 1 files in /docker_env/dags
[2023-04-20T14:22:13.132+0000] {manager.py:854} INFO - 
================================================================================
DAG File Processing Stats

File Path                 PID    Runtime      # DAGs    # Errors  Last Runtime    Last Run
------------------------  -----  ---------  --------  ----------  --------------  -------------------
/docker_env/dags/dags.py                           1           0  2.13s           2023-04-20T14:22:13
================================================================================
[2023-04-20T14:22:45.554+0000] {manager.py:854} INFO - 
================================================================================
DAG File Processing Stats

File Path                 PID    Runtime      # DAGs    # Errors  Last Runtime    Last Run
------------------------  -----  ---------  --------  ----------  --------------  -------------------
/docker_env/dags/dags.py                           1           0  2.23s           2023-04-20T14:22:45
================================================================================
[2023-04-20T14:23:18.053+0000] {manager.py:854} INFO - 
================================================================================
DAG File Processing Stats

File Path                 PID    Runtime      # DAGs    # Errors  Last Runtime    Last Run
------------------------  -----  ---------  --------  ----------  --------------  -------------------
/docker_env/dags/dags.py                           1           0  2.32s           2023-04-20T14:23:18
================================================================================
[2023-04-20T14:23:50.852+0000] {manager.py:854} INFO - 
================================================================================
DAG File Processing Stats

File Path                 PID    Runtime      # DAGs    # Errors  Last Runtime    Last Run
------------------------  -----  ---------  --------  ----------  --------------  -------------------
/docker_env/dags/dags.py                           1           0  2.64s           2023-04-20T14:23:50
================================================================================
[2023-04-20T14:24:23.550+0000] {manager.py:854} INFO - 
================================================================================
DAG File Processing Stats

File Path                 PID    Runtime      # DAGs    # Errors  Last Runtime    Last Run
------------------------  -----  ---------  --------  ----------  --------------  -------------------
/docker_env/dags/dags.py                           1           0  2.53s           2023-04-20T14:24:23
================================================================================
[2023-04-20T14:26:38.198+0000] {manager.py:854} INFO - 
================================================================================
DAG File Processing Stats

File Path                 PID    Runtime      # DAGs    # Errors  Last Runtime    Last Run
------------------------  -----  ---------  --------  ----------  --------------  -------------------
/docker_env/dags/dags.py                           1           0  2.31s           2023-04-20T14:26:13
================================================================================
[2023-04-20T14:26:47.100+0000] {manager.py:726} INFO - Searching for files in /docker_env/dags
[2023-04-20T14:26:47.110+0000] {manager.py:729} INFO - There are 1 files in /docker_env/dags
[2023-04-20T14:27:08.359+0000] {manager.py:854} INFO - 
================================================================================
DAG File Processing Stats

File Path                 PID    Runtime      # DAGs    # Errors  Last Runtime    Last Run
------------------------  -----  ---------  --------  ----------  --------------  -------------------
/docker_env/dags/dags.py                           1           0  2.33s           2023-04-20T14:26:45
================================================================================
[2023-04-20T14:27:38.514+0000] {manager.py:854} INFO - 
================================================================================
DAG File Processing Stats

File Path                 PID    Runtime      # DAGs    # Errors  Last Runtime    Last Run
------------------------  -----  ---------  --------  ----------  --------------  -------------------
/docker_env/dags/dags.py                           1           0  2.26s           2023-04-20T14:27:18
================================================================================
[2023-04-20T14:28:08.535+0000] {manager.py:854} INFO - 
================================================================================
DAG File Processing Stats

File Path                 PID    Runtime      # DAGs    # Errors  Last Runtime    Last Run
------------------------  -----  ---------  --------  ----------  --------------  -------------------
/docker_env/dags/dags.py                           1           0  2.12s           2023-04-20T14:27:51
================================================================================
[2023-04-20T14:28:38.739+0000] {manager.py:854} INFO - 
================================================================================
DAG File Processing Stats

File Path                 PID    Runtime      # DAGs    # Errors  Last Runtime    Last Run
------------------------  -----  ---------  --------  ----------  --------------  -------------------
/docker_env/dags/dags.py                           1           0  2.14s           2023-04-20T14:28:23
================================================================================
[2023-04-20T14:29:09.372+0000] {manager.py:854} INFO - 
================================================================================
DAG File Processing Stats

File Path                 PID    Runtime      # DAGs    # Errors  Last Runtime    Last Run
------------------------  -----  ---------  --------  ----------  --------------  -------------------
/docker_env/dags/dags.py                           1           0  2.23s           2023-04-20T14:28:55
================================================================================
[2023-04-20T14:29:39.807+0000] {manager.py:854} INFO - 
================================================================================
DAG File Processing Stats

File Path                 PID    Runtime      # DAGs    # Errors  Last Runtime    Last Run
------------------------  -----  ---------  --------  ----------  --------------  -------------------
/docker_env/dags/dags.py                           1           0  2.45s           2023-04-20T14:29:28
================================================================================
[2023-04-20T14:30:10.383+0000] {manager.py:854} INFO - 
================================================================================
DAG File Processing Stats

File Path                 PID    Runtime      # DAGs    # Errors  Last Runtime    Last Run
------------------------  -----  ---------  --------  ----------  --------------  -------------------
/docker_env/dags/dags.py                           1           0  2.23s           2023-04-20T14:30:00
================================================================================
[2023-04-20T14:30:40.571+0000] {manager.py:854} INFO - 
================================================================================
DAG File Processing Stats

File Path                 PID    Runtime      # DAGs    # Errors  Last Runtime    Last Run
------------------------  -----  ---------  --------  ----------  --------------  -------------------
/docker_env/dags/dags.py                           1           0  3.23s           2023-04-20T14:30:34
================================================================================
